{"C:\\Users\\Ignei\\OneDrive\\Desktop\\Tareas 12\\Gestion De Proyectos De Software\\Proyecto GSW\\backend\\src\\app.js": {"path":"C:\\Users\\Ignei\\OneDrive\\Desktop\\Tareas 12\\Gestion De Proyectos De Software\\Proyecto GSW\\backend\\src\\app.js","statementMap":{"0":{"start":{"line":8,"column":12},"end":{"line":8,"column":21}},"1":{"start":{"line":10,"column":0},"end":{"line":10,"column":16}},"2":{"start":{"line":11,"column":0},"end":{"line":11,"column":24}},"3":{"start":{"line":13,"column":0},"end":{"line":13,"column":34}},"4":{"start":{"line":14,"column":0},"end":{"line":14,"column":34}},"5":{"start":{"line":15,"column":0},"end":{"line":15,"column":45}}},"fnMap":{},"branchMap":{},"s":{"0":1,"1":1,"2":1,"3":1,"4":1,"5":1},"f":{},"b":{},"_coverageSchema":"1a1c01bbd47fc00a2c39e90264f33305004495a9","hash":"b99f04a7339f1f45cb67fb24f9ba7d46d561d75c"}
,"C:\\Users\\Ignei\\OneDrive\\Desktop\\Tareas 12\\Gestion De Proyectos De Software\\Proyecto GSW\\backend\\src\\db.js": {"path":"C:\\Users\\Ignei\\OneDrive\\Desktop\\Tareas 12\\Gestion De Proyectos De Software\\Proyecto GSW\\backend\\src\\db.js","statementMap":{"0":{"start":{"line":3,"column":0},"end":{"line":3,"column":15}},"1":{"start":{"line":5,"column":18},"end":{"line":11,"column":2}},"2":{"start":{"line":13,"column":0},"end":{"line":15,"column":71}},"3":{"start":{"line":14,"column":16},"end":{"line":14,"column":49}},"4":{"start":{"line":15,"column":20},"end":{"line":15,"column":69}}},"fnMap":{"0":{"name":"(anonymous_0)","decl":{"start":{"line":14,"column":10},"end":{"line":14,"column":11}},"loc":{"start":{"line":14,"column":16},"end":{"line":14,"column":49}},"line":14},"1":{"name":"(anonymous_1)","decl":{"start":{"line":15,"column":11},"end":{"line":15,"column":12}},"loc":{"start":{"line":15,"column":20},"end":{"line":15,"column":69}},"line":15}},"branchMap":{},"s":{"0":3,"1":3,"2":3,"3":0,"4":0},"f":{"0":0,"1":0},"b":{},"_coverageSchema":"1a1c01bbd47fc00a2c39e90264f33305004495a9","hash":"901949200fd74ed6f13ef959866932e09f5cc199"}
,"C:\\Users\\Ignei\\OneDrive\\Desktop\\Tareas 12\\Gestion De Proyectos De Software\\Proyecto GSW\\backend\\src\\controllers\\loginController.js": {"path":"C:\\Users\\Ignei\\OneDrive\\Desktop\\Tareas 12\\Gestion De Proyectos De Software\\Proyecto GSW\\backend\\src\\controllers\\loginController.js","statementMap":{"0":{"start":{"line":6,"column":0},"end":{"line":6,"column":16}},"1":{"start":{"line":8,"column":30},"end":{"line":67,"column":1}},"2":{"start":{"line":9,"column":32},"end":{"line":9,"column":40}},"3":{"start":{"line":11,"column":4},"end":{"line":66,"column":5}},"4":{"start":{"line":12,"column":8},"end":{"line":17,"column":9}},"5":{"start":{"line":13,"column":12},"end":{"line":16,"column":15}},"6":{"start":{"line":18,"column":25},"end":{"line":18,"column":59}},"7":{"start":{"line":19,"column":28},"end":{"line":19,"column":44}},"8":{"start":{"line":20,"column":24},"end":{"line":23,"column":9}},"9":{"start":{"line":24,"column":8},"end":{"line":29,"column":9}},"10":{"start":{"line":25,"column":12},"end":{"line":28,"column":15}},"11":{"start":{"line":30,"column":21},"end":{"line":30,"column":29}},"12":{"start":{"line":31,"column":24},"end":{"line":31,"column":74}},"13":{"start":{"line":32,"column":8},"end":{"line":37,"column":9}},"14":{"start":{"line":33,"column":12},"end":{"line":36,"column":15}},"15":{"start":{"line":38,"column":24},"end":{"line":42,"column":9}},"16":{"start":{"line":43,"column":22},"end":{"line":47,"column":9}},"17":{"start":{"line":49,"column":8},"end":{"line":58,"column":11}},"18":{"start":{"line":60,"column":8},"end":{"line":60,"column":57}},"19":{"start":{"line":61,"column":8},"end":{"line":65,"column":11}}},"fnMap":{"0":{"name":"(anonymous_0)","decl":{"start":{"line":8,"column":30},"end":{"line":8,"column":31}},"loc":{"start":{"line":8,"column":50},"end":{"line":67,"column":1}},"line":8}},"branchMap":{"0":{"loc":{"start":{"line":12,"column":8},"end":{"line":17,"column":9}},"type":"if","locations":[{"start":{"line":12,"column":8},"end":{"line":17,"column":9}},{"start":{},"end":{}}],"line":12},"1":{"loc":{"start":{"line":12,"column":12},"end":{"line":12,"column":31}},"type":"binary-expr","locations":[{"start":{"line":12,"column":12},"end":{"line":12,"column":18}},{"start":{"line":12,"column":22},"end":{"line":12,"column":31}}],"line":12},"2":{"loc":{"start":{"line":24,"column":8},"end":{"line":29,"column":9}},"type":"if","locations":[{"start":{"line":24,"column":8},"end":{"line":29,"column":9}},{"start":{},"end":{}}],"line":24},"3":{"loc":{"start":{"line":24,"column":12},"end":{"line":24,"column":40}},"type":"binary-expr","locations":[{"start":{"line":24,"column":12},"end":{"line":24,"column":18}},{"start":{"line":24,"column":22},"end":{"line":24,"column":40}}],"line":24},"4":{"loc":{"start":{"line":32,"column":8},"end":{"line":37,"column":9}},"type":"if","locations":[{"start":{"line":32,"column":8},"end":{"line":37,"column":9}},{"start":{},"end":{}}],"line":32},"5":{"loc":{"start":{"line":46,"column":25},"end":{"line":46,"column":59}},"type":"binary-expr","locations":[{"start":{"line":46,"column":25},"end":{"line":46,"column":51}},{"start":{"line":46,"column":55},"end":{"line":46,"column":59}}],"line":46},"6":{"loc":{"start":{"line":64,"column":21},"end":{"line":64,"column":87}},"type":"cond-expr","locations":[{"start":{"line":64,"column":62},"end":{"line":64,"column":75}},{"start":{"line":64,"column":78},"end":{"line":64,"column":87}}],"line":64}},"s":{"0":2,"1":2,"2":5,"3":5,"4":5,"5":1,"6":4,"7":4,"8":4,"9":3,"10":1,"11":2,"12":2,"13":2,"14":1,"15":1,"16":1,"17":1,"18":1,"19":1},"f":{"0":5},"b":{"0":[1,4],"1":[5,4],"2":[1,2],"3":[3,3],"4":[1,1],"5":[1,0],"6":[0,1]},"_coverageSchema":"1a1c01bbd47fc00a2c39e90264f33305004495a9","hash":"7f926ec6c10da4038724ead06eed3f70bcb93bc0"}
,"C:\\Users\\Ignei\\OneDrive\\Desktop\\Tareas 12\\Gestion De Proyectos De Software\\Proyecto GSW\\backend\\src\\controllers\\prediccionController.js": {"path":"C:\\Users\\Ignei\\OneDrive\\Desktop\\Tareas 12\\Gestion De Proyectos De Software\\Proyecto GSW\\backend\\src\\controllers\\prediccionController.js","statementMap":{"0":{"start":{"line":19,"column":36},"end":{"line":35,"column":3}},"1":{"start":{"line":20,"column":4},"end":{"line":34,"column":5}},"2":{"start":{"line":21,"column":6},"end":{"line":21,"column":39}},"3":{"start":{"line":22,"column":21},"end":{"line":29,"column":8}},"4":{"start":{"line":30,"column":6},"end":{"line":30,"column":33}},"5":{"start":{"line":32,"column":6},"end":{"line":32,"column":71}},"6":{"start":{"line":33,"column":6},"end":{"line":33,"column":81}},"7":{"start":{"line":37,"column":30},"end":{"line":59,"column":3}},"8":{"start":{"line":38,"column":4},"end":{"line":58,"column":5}},"9":{"start":{"line":39,"column":6},"end":{"line":39,"column":37}},"10":{"start":{"line":40,"column":21},"end":{"line":53,"column":8}},"11":{"start":{"line":54,"column":6},"end":{"line":54,"column":33}},"12":{"start":{"line":56,"column":6},"end":{"line":56,"column":69}},"13":{"start":{"line":57,"column":6},"end":{"line":57,"column":79}},"14":{"start":{"line":62,"column":35},"end":{"line":83,"column":1}}},"fnMap":{"0":{"name":"(anonymous_0)","decl":{"start":{"line":19,"column":36},"end":{"line":19,"column":37}},"loc":{"start":{"line":19,"column":56},"end":{"line":35,"column":3}},"line":19},"1":{"name":"(anonymous_1)","decl":{"start":{"line":37,"column":30},"end":{"line":37,"column":31}},"loc":{"start":{"line":37,"column":50},"end":{"line":59,"column":3}},"line":37},"2":{"name":"(anonymous_2)","decl":{"start":{"line":62,"column":35},"end":{"line":62,"column":36}},"loc":{"start":{"line":62,"column":55},"end":{"line":83,"column":1}},"line":62}},"branchMap":{},"s":{"0":2,"1":2,"2":2,"3":2,"4":1,"5":1,"6":1,"7":2,"8":2,"9":2,"10":2,"11":1,"12":1,"13":1,"14":2},"f":{"0":2,"1":2,"2":0},"b":{},"_coverageSchema":"1a1c01bbd47fc00a2c39e90264f33305004495a9","hash":"23beae00aaa29523c76ae173179574e43f5e04e3"}
,"C:\\Users\\Ignei\\OneDrive\\Desktop\\Tareas 12\\Gestion De Proyectos De Software\\Proyecto GSW\\backend\\src\\controllers\\userController.js": {"path":"C:\\Users\\Ignei\\OneDrive\\Desktop\\Tareas 12\\Gestion De Proyectos De Software\\Proyecto GSW\\backend\\src\\controllers\\userController.js","statementMap":{"0":{"start":{"line":3,"column":19},"end":{"line":3,"column":21}},"1":{"start":{"line":5,"column":32},"end":{"line":27,"column":1}},"2":{"start":{"line":6,"column":4},"end":{"line":26,"column":5}},"3":{"start":{"line":7,"column":54},"end":{"line":7,"column":62}},"4":{"start":{"line":9,"column":8},"end":{"line":11,"column":9}},"5":{"start":{"line":10,"column":12},"end":{"line":10,"column":79}},"6":{"start":{"line":13,"column":31},"end":{"line":13,"column":70}},"7":{"start":{"line":14,"column":25},"end":{"line":17,"column":9}},"8":{"start":{"line":19,"column":8},"end":{"line":22,"column":11}},"9":{"start":{"line":24,"column":8},"end":{"line":24,"column":29}},"10":{"start":{"line":25,"column":8},"end":{"line":25,"column":65}},"11":{"start":{"line":28,"column":32},"end":{"line":36,"column":1}},"12":{"start":{"line":29,"column":4},"end":{"line":35,"column":5}},"13":{"start":{"line":30,"column":25},"end":{"line":30,"column":65}},"14":{"start":{"line":31,"column":8},"end":{"line":31,"column":25}},"15":{"start":{"line":33,"column":8},"end":{"line":33,"column":29}},"16":{"start":{"line":34,"column":8},"end":{"line":34,"column":65}},"17":{"start":{"line":38,"column":33},"end":{"line":60,"column":1}},"18":{"start":{"line":39,"column":4},"end":{"line":59,"column":5}},"19":{"start":{"line":40,"column":54},"end":{"line":40,"column":62}},"20":{"start":{"line":42,"column":8},"end":{"line":44,"column":9}},"21":{"start":{"line":43,"column":12},"end":{"line":43,"column":79}},"22":{"start":{"line":46,"column":31},"end":{"line":46,"column":70}},"23":{"start":{"line":47,"column":25},"end":{"line":50,"column":9}},"24":{"start":{"line":52,"column":8},"end":{"line":55,"column":11}},"25":{"start":{"line":57,"column":8},"end":{"line":57,"column":29}},"26":{"start":{"line":58,"column":8},"end":{"line":58,"column":65}},"27":{"start":{"line":62,"column":32},"end":{"line":83,"column":1}},"28":{"start":{"line":63,"column":4},"end":{"line":82,"column":5}},"29":{"start":{"line":64,"column":23},"end":{"line":64,"column":33}},"30":{"start":{"line":65,"column":8},"end":{"line":67,"column":9}},"31":{"start":{"line":66,"column":12},"end":{"line":66,"column":87}},"32":{"start":{"line":68,"column":25},"end":{"line":71,"column":11}},"33":{"start":{"line":72,"column":8},"end":{"line":74,"column":9}},"34":{"start":{"line":73,"column":12},"end":{"line":73,"column":79}},"35":{"start":{"line":75,"column":8},"end":{"line":78,"column":11}},"36":{"start":{"line":80,"column":8},"end":{"line":80,"column":60}},"37":{"start":{"line":81,"column":8},"end":{"line":81,"column":72}}},"fnMap":{"0":{"name":"(anonymous_0)","decl":{"start":{"line":5,"column":32},"end":{"line":5,"column":33}},"loc":{"start":{"line":5,"column":52},"end":{"line":27,"column":1}},"line":5},"1":{"name":"(anonymous_1)","decl":{"start":{"line":28,"column":32},"end":{"line":28,"column":33}},"loc":{"start":{"line":28,"column":52},"end":{"line":36,"column":1}},"line":28},"2":{"name":"(anonymous_2)","decl":{"start":{"line":38,"column":33},"end":{"line":38,"column":34}},"loc":{"start":{"line":38,"column":53},"end":{"line":60,"column":1}},"line":38},"3":{"name":"(anonymous_3)","decl":{"start":{"line":62,"column":32},"end":{"line":62,"column":33}},"loc":{"start":{"line":62,"column":52},"end":{"line":83,"column":1}},"line":62}},"branchMap":{"0":{"loc":{"start":{"line":9,"column":8},"end":{"line":11,"column":9}},"type":"if","locations":[{"start":{"line":9,"column":8},"end":{"line":11,"column":9}},{"start":{},"end":{}}],"line":9},"1":{"loc":{"start":{"line":9,"column":12},"end":{"line":9,"column":55}},"type":"binary-expr","locations":[{"start":{"line":9,"column":12},"end":{"line":9,"column":19}},{"start":{"line":9,"column":23},"end":{"line":9,"column":32}},{"start":{"line":9,"column":36},"end":{"line":9,"column":42}},{"start":{"line":9,"column":46},"end":{"line":9,"column":55}}],"line":9},"2":{"loc":{"start":{"line":42,"column":8},"end":{"line":44,"column":9}},"type":"if","locations":[{"start":{"line":42,"column":8},"end":{"line":44,"column":9}},{"start":{},"end":{}}],"line":42},"3":{"loc":{"start":{"line":42,"column":12},"end":{"line":42,"column":55}},"type":"binary-expr","locations":[{"start":{"line":42,"column":12},"end":{"line":42,"column":19}},{"start":{"line":42,"column":23},"end":{"line":42,"column":32}},{"start":{"line":42,"column":36},"end":{"line":42,"column":42}},{"start":{"line":42,"column":46},"end":{"line":42,"column":55}}],"line":42},"4":{"loc":{"start":{"line":65,"column":8},"end":{"line":67,"column":9}},"type":"if","locations":[{"start":{"line":65,"column":8},"end":{"line":67,"column":9}},{"start":{},"end":{}}],"line":65},"5":{"loc":{"start":{"line":72,"column":8},"end":{"line":74,"column":9}},"type":"if","locations":[{"start":{"line":72,"column":8},"end":{"line":74,"column":9}},{"start":{},"end":{}}],"line":72}},"s":{"0":1,"1":1,"2":0,"3":0,"4":0,"5":0,"6":0,"7":0,"8":0,"9":0,"10":0,"11":1,"12":0,"13":0,"14":0,"15":0,"16":0,"17":1,"18":0,"19":0,"20":0,"21":0,"22":0,"23":0,"24":0,"25":0,"26":0,"27":1,"28":0,"29":0,"30":0,"31":0,"32":0,"33":0,"34":0,"35":0,"36":0,"37":0},"f":{"0":0,"1":0,"2":0,"3":0},"b":{"0":[0,0],"1":[0,0,0,0],"2":[0,0],"3":[0,0,0,0],"4":[0,0],"5":[0,0]},"_coverageSchema":"1a1c01bbd47fc00a2c39e90264f33305004495a9","hash":"468d9e6a924e5624fee2b933784508f198a5c4d8"}
,"C:\\Users\\Ignei\\OneDrive\\Desktop\\Tareas 12\\Gestion De Proyectos De Software\\Proyecto GSW\\backend\\src\\routes\\LoginRoutes.js": {"path":"C:\\Users\\Ignei\\OneDrive\\Desktop\\Tareas 12\\Gestion De Proyectos De Software\\Proyecto GSW\\backend\\src\\routes\\LoginRoutes.js","statementMap":{"0":{"start":{"line":4,"column":15},"end":{"line":4,"column":23}},"1":{"start":{"line":6,"column":0},"end":{"line":6,"column":37}}},"fnMap":{},"branchMap":{},"s":{"0":1,"1":1},"f":{},"b":{},"_coverageSchema":"1a1c01bbd47fc00a2c39e90264f33305004495a9","hash":"ab3ec38ef4b183ffebcb215cc5182b0f37998cb0"}
,"C:\\Users\\Ignei\\OneDrive\\Desktop\\Tareas 12\\Gestion De Proyectos De Software\\Proyecto GSW\\backend\\src\\routes\\PrediccionRoutes.js": {"path":"C:\\Users\\Ignei\\OneDrive\\Desktop\\Tareas 12\\Gestion De Proyectos De Software\\Proyecto GSW\\backend\\src\\routes\\PrediccionRoutes.js","statementMap":{"0":{"start":{"line":4,"column":15},"end":{"line":4,"column":23}},"1":{"start":{"line":6,"column":0},"end":{"line":6,"column":58}},"2":{"start":{"line":7,"column":0},"end":{"line":7,"column":42}}},"fnMap":{},"branchMap":{},"s":{"0":1,"1":1,"2":1},"f":{},"b":{},"_coverageSchema":"1a1c01bbd47fc00a2c39e90264f33305004495a9","hash":"893c31c45c915eed9d997a40ea7ed221488a1c64"}
,"C:\\Users\\Ignei\\OneDrive\\Desktop\\Tareas 12\\Gestion De Proyectos De Software\\Proyecto GSW\\backend\\src\\routes\\UserRoutes.js": {"path":"C:\\Users\\Ignei\\OneDrive\\Desktop\\Tareas 12\\Gestion De Proyectos De Software\\Proyecto GSW\\backend\\src\\routes\\UserRoutes.js","statementMap":{"0":{"start":{"line":4,"column":15},"end":{"line":4,"column":23}},"1":{"start":{"line":6,"column":0},"end":{"line":6,"column":39}},"2":{"start":{"line":7,"column":0},"end":{"line":7,"column":40}},"3":{"start":{"line":9,"column":0},"end":{"line":9,"column":69}},"4":{"start":{"line":9,"column":35},"end":{"line":9,"column":67}},"5":{"start":{"line":10,"column":0},"end":{"line":10,"column":70}},"6":{"start":{"line":10,"column":38},"end":{"line":10,"column":68}}},"fnMap":{"0":{"name":"(anonymous_0)","decl":{"start":{"line":9,"column":21},"end":{"line":9,"column":22}},"loc":{"start":{"line":9,"column":35},"end":{"line":9,"column":67}},"line":9},"1":{"name":"(anonymous_1)","decl":{"start":{"line":10,"column":24},"end":{"line":10,"column":25}},"loc":{"start":{"line":10,"column":38},"end":{"line":10,"column":68}},"line":10}},"branchMap":{},"s":{"0":1,"1":1,"2":1,"3":1,"4":0,"5":1,"6":0},"f":{"0":0,"1":0},"b":{},"_coverageSchema":"1a1c01bbd47fc00a2c39e90264f33305004495a9","hash":"90e4ae04362648984f0c9ba3e106ca48c86891d3"}
}
