{"C:\\Users\\Ignei\\OneDrive\\Desktop\\Tareas 12\\Gestion De Proyectos De Software\\Proyecto GSW\\backend\\src\\app.js": {"path":"C:\\Users\\Ignei\\OneDrive\\Desktop\\Tareas 12\\Gestion De Proyectos De Software\\Proyecto GSW\\backend\\src\\app.js","statementMap":{"0":{"start":{"line":10,"column":12},"end":{"line":10,"column":21}},"1":{"start":{"line":13,"column":0},"end":{"line":13,"column":16}},"2":{"start":{"line":14,"column":0},"end":{"line":14,"column":24}},"3":{"start":{"line":17,"column":0},"end":{"line":17,"column":34}},"4":{"start":{"line":18,"column":0},"end":{"line":18,"column":45}},"5":{"start":{"line":19,"column":0},"end":{"line":19,"column":41}},"6":{"start":{"line":20,"column":0},"end":{"line":20,"column":37}}},"fnMap":{},"branchMap":{},"s":{"0":4,"1":4,"2":4,"3":4,"4":4,"5":4,"6":4},"f":{},"b":{},"_coverageSchema":"1a1c01bbd47fc00a2c39e90264f33305004495a9","hash":"1bd846fa74170c737f050fc946d9699dd4dd9a52"}
,"C:\\Users\\Ignei\\OneDrive\\Desktop\\Tareas 12\\Gestion De Proyectos De Software\\Proyecto GSW\\backend\\src\\db.js": {"path":"C:\\Users\\Ignei\\OneDrive\\Desktop\\Tareas 12\\Gestion De Proyectos De Software\\Proyecto GSW\\backend\\src\\db.js","statementMap":{"0":{"start":{"line":3,"column":0},"end":{"line":3,"column":15}},"1":{"start":{"line":5,"column":18},"end":{"line":11,"column":2}},"2":{"start":{"line":13,"column":0},"end":{"line":20,"column":3}},"3":{"start":{"line":14,"column":2},"end":{"line":14,"column":21}},"4":{"start":{"line":14,"column":11},"end":{"line":14,"column":21}},"5":{"start":{"line":15,"column":2},"end":{"line":19,"column":5}},"6":{"start":{"line":16,"column":4},"end":{"line":17,"column":43}},"7":{"start":{"line":16,"column":17},"end":{"line":16,"column":46}},"8":{"start":{"line":17,"column":9},"end":{"line":17,"column":43}},"9":{"start":{"line":18,"column":4},"end":{"line":18,"column":25}}},"fnMap":{"0":{"name":"(anonymous_0)","decl":{"start":{"line":13,"column":17},"end":{"line":13,"column":18}},"loc":{"start":{"line":13,"column":38},"end":{"line":20,"column":1}},"line":13},"1":{"name":"(anonymous_1)","decl":{"start":{"line":15,"column":18},"end":{"line":15,"column":19}},"loc":{"start":{"line":15,"column":31},"end":{"line":19,"column":3}},"line":15}},"branchMap":{"0":{"loc":{"start":{"line":14,"column":2},"end":{"line":14,"column":21}},"type":"if","locations":[{"start":{"line":14,"column":2},"end":{"line":14,"column":21}},{"start":{},"end":{}}],"line":14},"1":{"loc":{"start":{"line":16,"column":4},"end":{"line":17,"column":43}},"type":"if","locations":[{"start":{"line":16,"column":4},"end":{"line":17,"column":43}},{"start":{"line":17,"column":9},"end":{"line":17,"column":43}}],"line":16}},"s":{"0":4,"1":4,"2":4,"3":0,"4":0,"5":0,"6":0,"7":0,"8":0,"9":0},"f":{"0":0,"1":0},"b":{"0":[0,0],"1":[0,0]},"_coverageSchema":"1a1c01bbd47fc00a2c39e90264f33305004495a9","hash":"576d2a656dfef84aced9007fb580833ca782aa92"}
,"C:\\Users\\Ignei\\OneDrive\\Desktop\\Tareas 12\\Gestion De Proyectos De Software\\Proyecto GSW\\backend\\src\\controllers\\loginController.js": {"path":"C:\\Users\\Ignei\\OneDrive\\Desktop\\Tareas 12\\Gestion De Proyectos De Software\\Proyecto GSW\\backend\\src\\controllers\\loginController.js","statementMap":{"0":{"start":{"line":6,"column":0},"end":{"line":6,"column":16}},"1":{"start":{"line":8,"column":30},"end":{"line":67,"column":1}},"2":{"start":{"line":9,"column":32},"end":{"line":9,"column":40}},"3":{"start":{"line":11,"column":4},"end":{"line":66,"column":5}},"4":{"start":{"line":12,"column":8},"end":{"line":17,"column":9}},"5":{"start":{"line":13,"column":12},"end":{"line":16,"column":15}},"6":{"start":{"line":18,"column":25},"end":{"line":18,"column":59}},"7":{"start":{"line":19,"column":28},"end":{"line":19,"column":44}},"8":{"start":{"line":20,"column":24},"end":{"line":23,"column":9}},"9":{"start":{"line":24,"column":8},"end":{"line":29,"column":9}},"10":{"start":{"line":25,"column":12},"end":{"line":28,"column":15}},"11":{"start":{"line":30,"column":21},"end":{"line":30,"column":29}},"12":{"start":{"line":31,"column":24},"end":{"line":31,"column":74}},"13":{"start":{"line":32,"column":8},"end":{"line":37,"column":9}},"14":{"start":{"line":33,"column":12},"end":{"line":36,"column":15}},"15":{"start":{"line":38,"column":24},"end":{"line":42,"column":9}},"16":{"start":{"line":43,"column":22},"end":{"line":47,"column":9}},"17":{"start":{"line":49,"column":8},"end":{"line":58,"column":11}},"18":{"start":{"line":60,"column":8},"end":{"line":60,"column":57}},"19":{"start":{"line":61,"column":8},"end":{"line":65,"column":11}}},"fnMap":{"0":{"name":"(anonymous_0)","decl":{"start":{"line":8,"column":30},"end":{"line":8,"column":31}},"loc":{"start":{"line":8,"column":50},"end":{"line":67,"column":1}},"line":8}},"branchMap":{"0":{"loc":{"start":{"line":12,"column":8},"end":{"line":17,"column":9}},"type":"if","locations":[{"start":{"line":12,"column":8},"end":{"line":17,"column":9}},{"start":{},"end":{}}],"line":12},"1":{"loc":{"start":{"line":12,"column":12},"end":{"line":12,"column":31}},"type":"binary-expr","locations":[{"start":{"line":12,"column":12},"end":{"line":12,"column":18}},{"start":{"line":12,"column":22},"end":{"line":12,"column":31}}],"line":12},"2":{"loc":{"start":{"line":24,"column":8},"end":{"line":29,"column":9}},"type":"if","locations":[{"start":{"line":24,"column":8},"end":{"line":29,"column":9}},{"start":{},"end":{}}],"line":24},"3":{"loc":{"start":{"line":24,"column":12},"end":{"line":24,"column":40}},"type":"binary-expr","locations":[{"start":{"line":24,"column":12},"end":{"line":24,"column":18}},{"start":{"line":24,"column":22},"end":{"line":24,"column":40}}],"line":24},"4":{"loc":{"start":{"line":32,"column":8},"end":{"line":37,"column":9}},"type":"if","locations":[{"start":{"line":32,"column":8},"end":{"line":37,"column":9}},{"start":{},"end":{}}],"line":32},"5":{"loc":{"start":{"line":46,"column":25},"end":{"line":46,"column":59}},"type":"binary-expr","locations":[{"start":{"line":46,"column":25},"end":{"line":46,"column":51}},{"start":{"line":46,"column":55},"end":{"line":46,"column":59}}],"line":46},"6":{"loc":{"start":{"line":64,"column":21},"end":{"line":64,"column":87}},"type":"cond-expr","locations":[{"start":{"line":64,"column":62},"end":{"line":64,"column":75}},{"start":{"line":64,"column":78},"end":{"line":64,"column":87}}],"line":64}},"s":{"0":4,"1":4,"2":2,"3":1,"4":1,"5":0,"6":1,"7":1,"8":1,"9":1,"10":0,"11":1,"12":1,"13":1,"14":0,"15":1,"16":1,"17":1,"18":0,"19":0},"f":{"0":2},"b":{"0":[0,1],"1":[1,1],"2":[0,1],"3":[1,1],"4":[0,1],"5":[1,0],"6":[0,0]},"_coverageSchema":"1a1c01bbd47fc00a2c39e90264f33305004495a9","hash":"7f926ec6c10da4038724ead06eed3f70bcb93bc0"}
,"C:\\Users\\Ignei\\OneDrive\\Desktop\\Tareas 12\\Gestion De Proyectos De Software\\Proyecto GSW\\backend\\src\\controllers\\prediccionController.js": {"path":"C:\\Users\\Ignei\\OneDrive\\Desktop\\Tareas 12\\Gestion De Proyectos De Software\\Proyecto GSW\\backend\\src\\controllers\\prediccionController.js","statementMap":{"0":{"start":{"line":19,"column":36},"end":{"line":35,"column":3}},"1":{"start":{"line":20,"column":4},"end":{"line":34,"column":5}},"2":{"start":{"line":21,"column":6},"end":{"line":21,"column":39}},"3":{"start":{"line":22,"column":21},"end":{"line":29,"column":8}},"4":{"start":{"line":30,"column":6},"end":{"line":30,"column":33}},"5":{"start":{"line":32,"column":6},"end":{"line":32,"column":71}},"6":{"start":{"line":33,"column":6},"end":{"line":33,"column":81}},"7":{"start":{"line":37,"column":30},"end":{"line":59,"column":3}},"8":{"start":{"line":38,"column":4},"end":{"line":58,"column":5}},"9":{"start":{"line":39,"column":6},"end":{"line":39,"column":37}},"10":{"start":{"line":40,"column":21},"end":{"line":53,"column":8}},"11":{"start":{"line":54,"column":6},"end":{"line":54,"column":33}},"12":{"start":{"line":56,"column":6},"end":{"line":56,"column":69}},"13":{"start":{"line":57,"column":6},"end":{"line":57,"column":79}},"14":{"start":{"line":62,"column":35},"end":{"line":83,"column":1}}},"fnMap":{"0":{"name":"(anonymous_0)","decl":{"start":{"line":19,"column":36},"end":{"line":19,"column":37}},"loc":{"start":{"line":19,"column":56},"end":{"line":35,"column":3}},"line":19},"1":{"name":"(anonymous_1)","decl":{"start":{"line":37,"column":30},"end":{"line":37,"column":31}},"loc":{"start":{"line":37,"column":50},"end":{"line":59,"column":3}},"line":37},"2":{"name":"(anonymous_2)","decl":{"start":{"line":62,"column":35},"end":{"line":62,"column":36}},"loc":{"start":{"line":62,"column":55},"end":{"line":83,"column":1}},"line":62}},"branchMap":{},"s":{"0":4,"1":1,"2":1,"3":1,"4":1,"5":0,"6":0,"7":4,"8":1,"9":1,"10":1,"11":1,"12":0,"13":0,"14":4},"f":{"0":1,"1":1,"2":0},"b":{},"_coverageSchema":"1a1c01bbd47fc00a2c39e90264f33305004495a9","hash":"23beae00aaa29523c76ae173179574e43f5e04e3"}
,"C:\\Users\\Ignei\\OneDrive\\Desktop\\Tareas 12\\Gestion De Proyectos De Software\\Proyecto GSW\\backend\\src\\controllers\\productController.js": {"path":"C:\\Users\\Ignei\\OneDrive\\Desktop\\Tareas 12\\Gestion De Proyectos De Software\\Proyecto GSW\\backend\\src\\controllers\\productController.js","statementMap":{"0":{"start":{"line":3,"column":26},"end":{"line":21,"column":1}},"1":{"start":{"line":4,"column":17},"end":{"line":4,"column":27}},"2":{"start":{"line":5,"column":2},"end":{"line":5,"column":49}},"3":{"start":{"line":6,"column":20},"end":{"line":6,"column":67}},"4":{"start":{"line":8,"column":2},"end":{"line":20,"column":3}},"5":{"start":{"line":9,"column":21},"end":{"line":9,"column":52}},"6":{"start":{"line":10,"column":4},"end":{"line":10,"column":53}},"7":{"start":{"line":12,"column":4},"end":{"line":14,"column":5}},"8":{"start":{"line":13,"column":6},"end":{"line":13,"column":71}},"9":{"start":{"line":16,"column":4},"end":{"line":16,"column":24}},"10":{"start":{"line":18,"column":4},"end":{"line":18,"column":52}},"11":{"start":{"line":19,"column":4},"end":{"line":19,"column":67}},"12":{"start":{"line":23,"column":27},"end":{"line":34,"column":1}},"13":{"start":{"line":25,"column":20},"end":{"line":25,"column":45}},"14":{"start":{"line":27,"column":2},"end":{"line":33,"column":3}},"15":{"start":{"line":28,"column":21},"end":{"line":28,"column":46}},"16":{"start":{"line":29,"column":4},"end":{"line":29,"column":21}},"17":{"start":{"line":31,"column":4},"end":{"line":31,"column":58}},"18":{"start":{"line":32,"column":4},"end":{"line":32,"column":68}},"19":{"start":{"line":36,"column":29},"end":{"line":45,"column":1}},"20":{"start":{"line":37,"column":20},"end":{"line":37,"column":46}},"21":{"start":{"line":38,"column":2},"end":{"line":44,"column":3}},"22":{"start":{"line":39,"column":21},"end":{"line":39,"column":46}},"23":{"start":{"line":40,"column":4},"end":{"line":40,"column":21}},"24":{"start":{"line":42,"column":4},"end":{"line":42,"column":57}},"25":{"start":{"line":43,"column":4},"end":{"line":43,"column":69}},"26":{"start":{"line":47,"column":30},"end":{"line":82,"column":1}},"27":{"start":{"line":55,"column":6},"end":{"line":55,"column":14}},"28":{"start":{"line":58,"column":2},"end":{"line":60,"column":3}},"29":{"start":{"line":59,"column":4},"end":{"line":59,"column":98}},"30":{"start":{"line":62,"column":20},"end":{"line":66,"column":3}},"31":{"start":{"line":68,"column":2},"end":{"line":81,"column":3}},"32":{"start":{"line":69,"column":21},"end":{"line":76,"column":6}},"33":{"start":{"line":77,"column":4},"end":{"line":77,"column":92}},"34":{"start":{"line":79,"column":4},"end":{"line":79,"column":54}},"35":{"start":{"line":80,"column":4},"end":{"line":80,"column":68}},"36":{"start":{"line":84,"column":35},"end":{"line":125,"column":1}},"37":{"start":{"line":85,"column":17},"end":{"line":85,"column":27}},"38":{"start":{"line":93,"column":6},"end":{"line":93,"column":14}},"39":{"start":{"line":95,"column":2},"end":{"line":97,"column":3}},"40":{"start":{"line":96,"column":4},"end":{"line":96,"column":98}},"41":{"start":{"line":99,"column":20},"end":{"line":103,"column":3}},"42":{"start":{"line":105,"column":2},"end":{"line":124,"column":3}},"43":{"start":{"line":106,"column":21},"end":{"line":114,"column":6}},"44":{"start":{"line":116,"column":4},"end":{"line":118,"column":5}},"45":{"start":{"line":117,"column":6},"end":{"line":117,"column":71}},"46":{"start":{"line":120,"column":4},"end":{"line":120,"column":64}},"47":{"start":{"line":122,"column":4},"end":{"line":122,"column":56}},"48":{"start":{"line":123,"column":4},"end":{"line":123,"column":71}},"49":{"start":{"line":127,"column":32},"end":{"line":144,"column":1}},"50":{"start":{"line":128,"column":17},"end":{"line":128,"column":27}},"51":{"start":{"line":130,"column":20},"end":{"line":130,"column":75}},"52":{"start":{"line":132,"column":2},"end":{"line":143,"column":3}},"53":{"start":{"line":133,"column":21},"end":{"line":133,"column":52}},"54":{"start":{"line":135,"column":4},"end":{"line":137,"column":5}},"55":{"start":{"line":136,"column":6},"end":{"line":136,"column":71}},"56":{"start":{"line":139,"column":4},"end":{"line":139,"column":62}},"57":{"start":{"line":141,"column":4},"end":{"line":141,"column":54}},"58":{"start":{"line":142,"column":4},"end":{"line":142,"column":69}}},"fnMap":{"0":{"name":"(anonymous_0)","decl":{"start":{"line":3,"column":26},"end":{"line":3,"column":27}},"loc":{"start":{"line":3,"column":46},"end":{"line":21,"column":1}},"line":3},"1":{"name":"(anonymous_1)","decl":{"start":{"line":23,"column":27},"end":{"line":23,"column":28}},"loc":{"start":{"line":23,"column":47},"end":{"line":34,"column":1}},"line":23},"2":{"name":"(anonymous_2)","decl":{"start":{"line":36,"column":29},"end":{"line":36,"column":30}},"loc":{"start":{"line":36,"column":49},"end":{"line":45,"column":1}},"line":36},"3":{"name":"(anonymous_3)","decl":{"start":{"line":47,"column":30},"end":{"line":47,"column":31}},"loc":{"start":{"line":47,"column":50},"end":{"line":82,"column":1}},"line":47},"4":{"name":"(anonymous_4)","decl":{"start":{"line":84,"column":35},"end":{"line":84,"column":36}},"loc":{"start":{"line":84,"column":55},"end":{"line":125,"column":1}},"line":84},"5":{"name":"(anonymous_5)","decl":{"start":{"line":127,"column":32},"end":{"line":127,"column":33}},"loc":{"start":{"line":127,"column":52},"end":{"line":144,"column":1}},"line":127}},"branchMap":{"0":{"loc":{"start":{"line":12,"column":4},"end":{"line":14,"column":5}},"type":"if","locations":[{"start":{"line":12,"column":4},"end":{"line":14,"column":5}},{"start":{},"end":{}}],"line":12},"1":{"loc":{"start":{"line":58,"column":2},"end":{"line":60,"column":3}},"type":"if","locations":[{"start":{"line":58,"column":2},"end":{"line":60,"column":3}},{"start":{},"end":{}}],"line":58},"2":{"loc":{"start":{"line":58,"column":6},"end":{"line":58,"column":92}},"type":"binary-expr","locations":[{"start":{"line":58,"column":6},"end":{"line":58,"column":19}},{"start":{"line":58,"column":23},"end":{"line":58,"column":37}},{"start":{"line":58,"column":41},"end":{"line":58,"column":57}},{"start":{"line":58,"column":61},"end":{"line":58,"column":75}},{"start":{"line":58,"column":79},"end":{"line":58,"column":92}}],"line":58},"3":{"loc":{"start":{"line":95,"column":2},"end":{"line":97,"column":3}},"type":"if","locations":[{"start":{"line":95,"column":2},"end":{"line":97,"column":3}},{"start":{},"end":{}}],"line":95},"4":{"loc":{"start":{"line":95,"column":6},"end":{"line":95,"column":92}},"type":"binary-expr","locations":[{"start":{"line":95,"column":6},"end":{"line":95,"column":19}},{"start":{"line":95,"column":23},"end":{"line":95,"column":37}},{"start":{"line":95,"column":41},"end":{"line":95,"column":57}},{"start":{"line":95,"column":61},"end":{"line":95,"column":75}},{"start":{"line":95,"column":79},"end":{"line":95,"column":92}}],"line":95},"5":{"loc":{"start":{"line":116,"column":4},"end":{"line":118,"column":5}},"type":"if","locations":[{"start":{"line":116,"column":4},"end":{"line":118,"column":5}},{"start":{},"end":{}}],"line":116},"6":{"loc":{"start":{"line":135,"column":4},"end":{"line":137,"column":5}},"type":"if","locations":[{"start":{"line":135,"column":4},"end":{"line":137,"column":5}},{"start":{},"end":{}}],"line":135}},"s":{"0":4,"1":2,"2":2,"3":2,"4":2,"5":2,"6":2,"7":2,"8":1,"9":1,"10":0,"11":0,"12":4,"13":1,"14":1,"15":1,"16":1,"17":0,"18":0,"19":4,"20":1,"21":1,"22":1,"23":1,"24":0,"25":0,"26":4,"27":2,"28":2,"29":1,"30":1,"31":1,"32":1,"33":1,"34":0,"35":0,"36":4,"37":2,"38":2,"39":2,"40":0,"41":2,"42":2,"43":2,"44":2,"45":1,"46":1,"47":0,"48":0,"49":4,"50":2,"51":2,"52":2,"53":2,"54":2,"55":1,"56":1,"57":0,"58":0},"f":{"0":2,"1":1,"2":1,"3":2,"4":2,"5":2},"b":{"0":[1,1],"1":[1,1],"2":[2,1,1,1,1],"3":[0,2],"4":[2,2,2,2,2],"5":[1,1],"6":[1,1]},"_coverageSchema":"1a1c01bbd47fc00a2c39e90264f33305004495a9","hash":"58e59de1d8d747e94ef0c22c417c321828e898b1"}
,"C:\\Users\\Ignei\\OneDrive\\Desktop\\Tareas 12\\Gestion De Proyectos De Software\\Proyecto GSW\\backend\\src\\controllers\\userController.js": {"path":"C:\\Users\\Ignei\\OneDrive\\Desktop\\Tareas 12\\Gestion De Proyectos De Software\\Proyecto GSW\\backend\\src\\controllers\\userController.js","statementMap":{"0":{"start":{"line":3,"column":19},"end":{"line":3,"column":21}},"1":{"start":{"line":5,"column":32},"end":{"line":27,"column":1}},"2":{"start":{"line":6,"column":4},"end":{"line":26,"column":5}},"3":{"start":{"line":7,"column":54},"end":{"line":7,"column":62}},"4":{"start":{"line":8,"column":8},"end":{"line":8,"column":30}},"5":{"start":{"line":9,"column":8},"end":{"line":11,"column":9}},"6":{"start":{"line":10,"column":12},"end":{"line":10,"column":79}},"7":{"start":{"line":13,"column":31},"end":{"line":13,"column":70}},"8":{"start":{"line":14,"column":25},"end":{"line":17,"column":9}},"9":{"start":{"line":19,"column":8},"end":{"line":22,"column":11}},"10":{"start":{"line":24,"column":8},"end":{"line":24,"column":29}},"11":{"start":{"line":25,"column":8},"end":{"line":25,"column":65}},"12":{"start":{"line":28,"column":32},"end":{"line":36,"column":1}},"13":{"start":{"line":29,"column":4},"end":{"line":35,"column":5}},"14":{"start":{"line":30,"column":25},"end":{"line":30,"column":65}},"15":{"start":{"line":31,"column":8},"end":{"line":31,"column":25}},"16":{"start":{"line":33,"column":8},"end":{"line":33,"column":29}},"17":{"start":{"line":34,"column":8},"end":{"line":34,"column":65}},"18":{"start":{"line":38,"column":33},"end":{"line":60,"column":1}},"19":{"start":{"line":39,"column":4},"end":{"line":59,"column":5}},"20":{"start":{"line":40,"column":54},"end":{"line":40,"column":62}},"21":{"start":{"line":42,"column":8},"end":{"line":44,"column":9}},"22":{"start":{"line":43,"column":12},"end":{"line":43,"column":79}},"23":{"start":{"line":46,"column":31},"end":{"line":46,"column":70}},"24":{"start":{"line":47,"column":25},"end":{"line":50,"column":9}},"25":{"start":{"line":52,"column":8},"end":{"line":55,"column":11}},"26":{"start":{"line":57,"column":8},"end":{"line":57,"column":29}},"27":{"start":{"line":58,"column":8},"end":{"line":58,"column":65}},"28":{"start":{"line":62,"column":32},"end":{"line":83,"column":1}},"29":{"start":{"line":63,"column":4},"end":{"line":82,"column":5}},"30":{"start":{"line":64,"column":26},"end":{"line":64,"column":34}},"31":{"start":{"line":65,"column":8},"end":{"line":67,"column":9}},"32":{"start":{"line":66,"column":12},"end":{"line":66,"column":90}},"33":{"start":{"line":68,"column":25},"end":{"line":71,"column":11}},"34":{"start":{"line":72,"column":8},"end":{"line":74,"column":9}},"35":{"start":{"line":73,"column":12},"end":{"line":73,"column":79}},"36":{"start":{"line":75,"column":8},"end":{"line":78,"column":11}},"37":{"start":{"line":80,"column":8},"end":{"line":80,"column":60}},"38":{"start":{"line":81,"column":8},"end":{"line":81,"column":72}}},"fnMap":{"0":{"name":"(anonymous_0)","decl":{"start":{"line":5,"column":32},"end":{"line":5,"column":33}},"loc":{"start":{"line":5,"column":52},"end":{"line":27,"column":1}},"line":5},"1":{"name":"(anonymous_1)","decl":{"start":{"line":28,"column":32},"end":{"line":28,"column":33}},"loc":{"start":{"line":28,"column":52},"end":{"line":36,"column":1}},"line":28},"2":{"name":"(anonymous_2)","decl":{"start":{"line":38,"column":33},"end":{"line":38,"column":34}},"loc":{"start":{"line":38,"column":53},"end":{"line":60,"column":1}},"line":38},"3":{"name":"(anonymous_3)","decl":{"start":{"line":62,"column":32},"end":{"line":62,"column":33}},"loc":{"start":{"line":62,"column":52},"end":{"line":83,"column":1}},"line":62}},"branchMap":{"0":{"loc":{"start":{"line":9,"column":8},"end":{"line":11,"column":9}},"type":"if","locations":[{"start":{"line":9,"column":8},"end":{"line":11,"column":9}},{"start":{},"end":{}}],"line":9},"1":{"loc":{"start":{"line":9,"column":12},"end":{"line":9,"column":55}},"type":"binary-expr","locations":[{"start":{"line":9,"column":12},"end":{"line":9,"column":19}},{"start":{"line":9,"column":23},"end":{"line":9,"column":32}},{"start":{"line":9,"column":36},"end":{"line":9,"column":42}},{"start":{"line":9,"column":46},"end":{"line":9,"column":55}}],"line":9},"2":{"loc":{"start":{"line":42,"column":8},"end":{"line":44,"column":9}},"type":"if","locations":[{"start":{"line":42,"column":8},"end":{"line":44,"column":9}},{"start":{},"end":{}}],"line":42},"3":{"loc":{"start":{"line":42,"column":12},"end":{"line":42,"column":55}},"type":"binary-expr","locations":[{"start":{"line":42,"column":12},"end":{"line":42,"column":19}},{"start":{"line":42,"column":23},"end":{"line":42,"column":32}},{"start":{"line":42,"column":36},"end":{"line":42,"column":42}},{"start":{"line":42,"column":46},"end":{"line":42,"column":55}}],"line":42},"4":{"loc":{"start":{"line":65,"column":8},"end":{"line":67,"column":9}},"type":"if","locations":[{"start":{"line":65,"column":8},"end":{"line":67,"column":9}},{"start":{},"end":{}}],"line":65},"5":{"loc":{"start":{"line":72,"column":8},"end":{"line":74,"column":9}},"type":"if","locations":[{"start":{"line":72,"column":8},"end":{"line":74,"column":9}},{"start":{},"end":{}}],"line":72}},"s":{"0":4,"1":4,"2":4,"3":4,"4":4,"5":4,"6":1,"7":3,"8":3,"9":3,"10":0,"11":0,"12":4,"13":1,"14":1,"15":1,"16":0,"17":0,"18":4,"19":0,"20":0,"21":0,"22":0,"23":0,"24":0,"25":0,"26":0,"27":0,"28":4,"29":2,"30":2,"31":2,"32":1,"33":1,"34":1,"35":0,"36":1,"37":0,"38":0},"f":{"0":4,"1":1,"2":0,"3":2},"b":{"0":[1,3],"1":[4,4,3,3],"2":[0,0],"3":[0,0,0,0],"4":[1,1],"5":[0,1]},"_coverageSchema":"1a1c01bbd47fc00a2c39e90264f33305004495a9","hash":"c9509fe454d0982e0de7f77e2aa56b5e77c57e3c"}
,"C:\\Users\\Ignei\\OneDrive\\Desktop\\Tareas 12\\Gestion De Proyectos De Software\\Proyecto GSW\\backend\\src\\controllers\\ventasController.js": {"path":"C:\\Users\\Ignei\\OneDrive\\Desktop\\Tareas 12\\Gestion De Proyectos De Software\\Proyecto GSW\\backend\\src\\controllers\\ventasController.js","statementMap":{"0":{"start":{"line":3,"column":30},"end":{"line":61,"column":1}},"1":{"start":{"line":4,"column":2},"end":{"line":4,"column":70}},"2":{"start":{"line":14,"column":6},"end":{"line":14,"column":14}},"3":{"start":{"line":17,"column":20},"end":{"line":26,"column":3}},"4":{"start":{"line":28,"column":20},"end":{"line":32,"column":1}},"5":{"start":{"line":35,"column":17},"end":{"line":43,"column":3}},"6":{"start":{"line":45,"column":2},"end":{"line":60,"column":3}},"7":{"start":{"line":46,"column":26},"end":{"line":46,"column":59}},"8":{"start":{"line":47,"column":21},"end":{"line":47,"column":41}},"9":{"start":{"line":48,"column":4},"end":{"line":48,"column":54}},"10":{"start":{"line":52,"column":4},"end":{"line":55,"column":7}},"11":{"start":{"line":58,"column":4},"end":{"line":58,"column":51}},"12":{"start":{"line":59,"column":4},"end":{"line":59,"column":83}},"13":{"start":{"line":64,"column":30},"end":{"line":76,"column":1}},"14":{"start":{"line":65,"column":2},"end":{"line":65,"column":44}},"15":{"start":{"line":66,"column":20},"end":{"line":66,"column":65}},"16":{"start":{"line":68,"column":2},"end":{"line":75,"column":3}},"17":{"start":{"line":69,"column":21},"end":{"line":69,"column":46}},"18":{"start":{"line":70,"column":4},"end":{"line":70,"column":56}},"19":{"start":{"line":71,"column":4},"end":{"line":71,"column":21}},"20":{"start":{"line":73,"column":4},"end":{"line":73,"column":62}},"21":{"start":{"line":74,"column":4},"end":{"line":74,"column":72}},"22":{"start":{"line":79,"column":27},"end":{"line":91,"column":1}},"23":{"start":{"line":80,"column":2},"end":{"line":80,"column":37}},"24":{"start":{"line":81,"column":20},"end":{"line":81,"column":71}},"25":{"start":{"line":83,"column":2},"end":{"line":90,"column":3}},"26":{"start":{"line":84,"column":21},"end":{"line":84,"column":46}},"27":{"start":{"line":85,"column":4},"end":{"line":85,"column":56}},"28":{"start":{"line":86,"column":4},"end":{"line":86,"column":21}},"29":{"start":{"line":88,"column":4},"end":{"line":88,"column":55}},"30":{"start":{"line":89,"column":4},"end":{"line":89,"column":65}},"31":{"start":{"line":94,"column":34},"end":{"line":106,"column":1}},"32":{"start":{"line":95,"column":2},"end":{"line":95,"column":48}},"33":{"start":{"line":96,"column":20},"end":{"line":96,"column":68}},"34":{"start":{"line":98,"column":2},"end":{"line":105,"column":3}},"35":{"start":{"line":99,"column":21},"end":{"line":99,"column":46}},"36":{"start":{"line":100,"column":4},"end":{"line":100,"column":54}},"37":{"start":{"line":101,"column":4},"end":{"line":101,"column":21}},"38":{"start":{"line":103,"column":4},"end":{"line":103,"column":53}},"39":{"start":{"line":104,"column":4},"end":{"line":104,"column":76}},"40":{"start":{"line":107,"column":28},"end":{"line":135,"column":1}},"41":{"start":{"line":108,"column":2},"end":{"line":108,"column":42}},"42":{"start":{"line":109,"column":20},"end":{"line":118,"column":3}},"43":{"start":{"line":121,"column":2},"end":{"line":134,"column":3}},"44":{"start":{"line":122,"column":4},"end":{"line":122,"column":42}},"45":{"start":{"line":123,"column":21},"end":{"line":123,"column":54}},"46":{"start":{"line":124,"column":4},"end":{"line":124,"column":61}},"47":{"start":{"line":125,"column":4},"end":{"line":125,"column":21}},"48":{"start":{"line":127,"column":4},"end":{"line":127,"column":60}},"49":{"start":{"line":128,"column":4},"end":{"line":128,"column":70}},"50":{"start":{"line":130,"column":4},"end":{"line":133,"column":5}},"51":{"start":{"line":131,"column":6},"end":{"line":131,"column":27}},"52":{"start":{"line":132,"column":6},"end":{"line":132,"column":39}}},"fnMap":{"0":{"name":"(anonymous_0)","decl":{"start":{"line":3,"column":30},"end":{"line":3,"column":31}},"loc":{"start":{"line":3,"column":50},"end":{"line":61,"column":1}},"line":3},"1":{"name":"(anonymous_1)","decl":{"start":{"line":64,"column":30},"end":{"line":64,"column":31}},"loc":{"start":{"line":64,"column":50},"end":{"line":76,"column":1}},"line":64},"2":{"name":"(anonymous_2)","decl":{"start":{"line":79,"column":27},"end":{"line":79,"column":28}},"loc":{"start":{"line":79,"column":47},"end":{"line":91,"column":1}},"line":79},"3":{"name":"(anonymous_3)","decl":{"start":{"line":94,"column":34},"end":{"line":94,"column":35}},"loc":{"start":{"line":94,"column":54},"end":{"line":106,"column":1}},"line":94},"4":{"name":"(anonymous_4)","decl":{"start":{"line":107,"column":28},"end":{"line":107,"column":29}},"loc":{"start":{"line":107,"column":48},"end":{"line":135,"column":1}},"line":107}},"branchMap":{"0":{"loc":{"start":{"line":18,"column":16},"end":{"line":18,"column":56}},"type":"cond-expr","locations":[{"start":{"line":18,"column":29},"end":{"line":18,"column":49}},{"start":{"line":18,"column":52},"end":{"line":18,"column":56}}],"line":18},"1":{"loc":{"start":{"line":19,"column":16},"end":{"line":19,"column":53}},"type":"cond-expr","locations":[{"start":{"line":19,"column":29},"end":{"line":19,"column":49}},{"start":{"line":19,"column":52},"end":{"line":19,"column":53}}],"line":19},"2":{"loc":{"start":{"line":20,"column":20},"end":{"line":20,"column":65}},"type":"cond-expr","locations":[{"start":{"line":20,"column":37},"end":{"line":20,"column":61}},{"start":{"line":20,"column":64},"end":{"line":20,"column":65}}],"line":20},"3":{"loc":{"start":{"line":21,"column":14},"end":{"line":21,"column":42}},"type":"binary-expr","locations":[{"start":{"line":21,"column":14},"end":{"line":21,"column":34}},{"start":{"line":21,"column":38},"end":{"line":21,"column":42}}],"line":21},"4":{"loc":{"start":{"line":22,"column":15},"end":{"line":22,"column":44}},"type":"binary-expr","locations":[{"start":{"line":22,"column":15},"end":{"line":22,"column":36}},{"start":{"line":22,"column":40},"end":{"line":22,"column":44}}],"line":22},"5":{"loc":{"start":{"line":23,"column":15},"end":{"line":23,"column":44}},"type":"binary-expr","locations":[{"start":{"line":23,"column":15},"end":{"line":23,"column":36}},{"start":{"line":23,"column":40},"end":{"line":23,"column":44}}],"line":23},"6":{"loc":{"start":{"line":24,"column":11},"end":{"line":24,"column":36}},"type":"binary-expr","locations":[{"start":{"line":24,"column":11},"end":{"line":24,"column":28}},{"start":{"line":24,"column":32},"end":{"line":24,"column":36}}],"line":24},"7":{"loc":{"start":{"line":130,"column":4},"end":{"line":133,"column":5}},"type":"if","locations":[{"start":{"line":130,"column":4},"end":{"line":133,"column":5}},{"start":{},"end":{}}],"line":130}},"s":{"0":4,"1":1,"2":1,"3":1,"4":1,"5":1,"6":1,"7":1,"8":1,"9":1,"10":1,"11":0,"12":0,"13":4,"14":1,"15":1,"16":1,"17":1,"18":1,"19":1,"20":0,"21":0,"22":4,"23":1,"24":1,"25":1,"26":1,"27":1,"28":1,"29":0,"30":0,"31":4,"32":1,"33":1,"34":1,"35":1,"36":1,"37":1,"38":0,"39":0,"40":4,"41":1,"42":1,"43":1,"44":1,"45":1,"46":1,"47":1,"48":0,"49":0,"50":1,"51":1,"52":1},"f":{"0":1,"1":1,"2":1,"3":1,"4":1},"b":{"0":[1,0],"1":[1,0],"2":[1,0],"3":[1,0],"4":[1,0],"5":[1,1],"6":[1,1],"7":[1,0]},"_coverageSchema":"1a1c01bbd47fc00a2c39e90264f33305004495a9","hash":"dfcf3515acd28fed2e2c699337bdf40a51946b74"}
,"C:\\Users\\Ignei\\OneDrive\\Desktop\\Tareas 12\\Gestion De Proyectos De Software\\Proyecto GSW\\backend\\src\\routes\\PrediccionRoutes.js": {"path":"C:\\Users\\Ignei\\OneDrive\\Desktop\\Tareas 12\\Gestion De Proyectos De Software\\Proyecto GSW\\backend\\src\\routes\\PrediccionRoutes.js","statementMap":{"0":{"start":{"line":4,"column":15},"end":{"line":4,"column":23}},"1":{"start":{"line":6,"column":0},"end":{"line":6,"column":58}},"2":{"start":{"line":7,"column":0},"end":{"line":7,"column":42}}},"fnMap":{},"branchMap":{},"s":{"0":4,"1":4,"2":4},"f":{},"b":{},"_coverageSchema":"1a1c01bbd47fc00a2c39e90264f33305004495a9","hash":"893c31c45c915eed9d997a40ea7ed221488a1c64"}
,"C:\\Users\\Ignei\\OneDrive\\Desktop\\Tareas 12\\Gestion De Proyectos De Software\\Proyecto GSW\\backend\\src\\routes\\UserRoutes.js": {"path":"C:\\Users\\Ignei\\OneDrive\\Desktop\\Tareas 12\\Gestion De Proyectos De Software\\Proyecto GSW\\backend\\src\\routes\\UserRoutes.js","statementMap":{"0":{"start":{"line":5,"column":15},"end":{"line":5,"column":23}},"1":{"start":{"line":7,"column":0},"end":{"line":7,"column":39}},"2":{"start":{"line":8,"column":0},"end":{"line":8,"column":40}},"3":{"start":{"line":9,"column":0},"end":{"line":9,"column":41}},"4":{"start":{"line":10,"column":0},"end":{"line":10,"column":37}}},"fnMap":{},"branchMap":{},"s":{"0":4,"1":4,"2":4,"3":4,"4":4},"f":{},"b":{},"_coverageSchema":"1a1c01bbd47fc00a2c39e90264f33305004495a9","hash":"729680726fbbd8612a88c591cb6abc3c94e210a8"}
,"C:\\Users\\Ignei\\OneDrive\\Desktop\\Tareas 12\\Gestion De Proyectos De Software\\Proyecto GSW\\backend\\src\\routes\\VentasRouter.js": {"path":"C:\\Users\\Ignei\\OneDrive\\Desktop\\Tareas 12\\Gestion De Proyectos De Software\\Proyecto GSW\\backend\\src\\routes\\VentasRouter.js","statementMap":{"0":{"start":{"line":9,"column":15},"end":{"line":9,"column":23}},"1":{"start":{"line":11,"column":0},"end":{"line":11,"column":39}},"2":{"start":{"line":12,"column":0},"end":{"line":12,"column":44}},"3":{"start":{"line":13,"column":0},"end":{"line":13,"column":37}},"4":{"start":{"line":14,"column":0},"end":{"line":14,"column":42}},"5":{"start":{"line":15,"column":0},"end":{"line":15,"column":39}}},"fnMap":{},"branchMap":{},"s":{"0":4,"1":4,"2":4,"3":4,"4":4,"5":4},"f":{},"b":{},"_coverageSchema":"1a1c01bbd47fc00a2c39e90264f33305004495a9","hash":"c540b4f34946926574911840f064b8945b6f5456"}
,"C:\\Users\\Ignei\\OneDrive\\Desktop\\Tareas 12\\Gestion De Proyectos De Software\\Proyecto GSW\\backend\\src\\routes\\productRoutes.js": {"path":"C:\\Users\\Ignei\\OneDrive\\Desktop\\Tareas 12\\Gestion De Proyectos De Software\\Proyecto GSW\\backend\\src\\routes\\productRoutes.js","statementMap":{"0":{"start":{"line":11,"column":15},"end":{"line":11,"column":23}},"1":{"start":{"line":14,"column":0},"end":{"line":14,"column":38}},"2":{"start":{"line":15,"column":0},"end":{"line":15,"column":41}},"3":{"start":{"line":16,"column":0},"end":{"line":16,"column":42}},"4":{"start":{"line":17,"column":0},"end":{"line":17,"column":50}},"5":{"start":{"line":18,"column":0},"end":{"line":18,"column":50}},"6":{"start":{"line":21,"column":0},"end":{"line":21,"column":41}}},"fnMap":{},"branchMap":{},"s":{"0":4,"1":4,"2":4,"3":4,"4":4,"5":4,"6":4},"f":{},"b":{},"_coverageSchema":"1a1c01bbd47fc00a2c39e90264f33305004495a9","hash":"1c42ca8b961ebe3c85aab74a864cb15c053f8682"}
}
