TN:
SF:src\app.js
FNF:0
FNH:0
DA:10,4
DA:13,4
DA:14,4
DA:17,4
DA:18,4
DA:19,4
DA:20,4
LF:7
LH:7
BRF:0
BRH:0
end_of_record
TN:
SF:src\db.js
FN:13,(anonymous_0)
FN:15,(anonymous_1)
FNF:2
FNH:0
FNDA:0,(anonymous_0)
FNDA:0,(anonymous_1)
DA:3,4
DA:5,4
DA:13,4
DA:14,0
DA:15,0
DA:16,0
DA:17,0
DA:18,0
LF:8
LH:3
BRDA:14,0,0,0
BRDA:14,0,1,0
BRDA:16,1,0,0
BRDA:16,1,1,0
BRF:4
BRH:0
end_of_record
TN:
SF:src\controllers\loginController.js
FN:8,(anonymous_0)
FNF:1
FNH:1
FNDA:2,(anonymous_0)
DA:6,4
DA:8,4
DA:9,2
DA:11,1
DA:12,1
DA:13,0
DA:18,1
DA:19,1
DA:20,1
DA:24,1
DA:25,0
DA:30,1
DA:31,1
DA:32,1
DA:33,0
DA:38,1
DA:43,1
DA:49,1
DA:60,0
DA:61,0
LF:20
LH:15
BRDA:12,0,0,0
BRDA:12,0,1,1
BRDA:12,1,0,1
BRDA:12,1,1,1
BRDA:24,2,0,0
BRDA:24,2,1,1
BRDA:24,3,0,1
BRDA:24,3,1,1
BRDA:32,4,0,0
BRDA:32,4,1,1
BRDA:46,5,0,1
BRDA:46,5,1,0
BRDA:64,6,0,0
BRDA:64,6,1,0
BRF:14
BRH:8
end_of_record
TN:
SF:src\controllers\prediccionController.js
FN:19,(anonymous_0)
FN:37,(anonymous_1)
FN:62,(anonymous_2)
FNF:3
FNH:2
FNDA:1,(anonymous_0)
FNDA:1,(anonymous_1)
FNDA:0,(anonymous_2)
DA:19,4
DA:20,1
DA:21,1
DA:22,1
DA:30,1
DA:32,0
DA:33,0
DA:37,4
DA:38,1
DA:39,1
DA:40,1
DA:54,1
DA:56,0
DA:57,0
DA:62,4
LF:15
LH:11
BRF:0
BRH:0
end_of_record
TN:
SF:src\controllers\productController.js
FN:3,(anonymous_0)
FN:23,(anonymous_1)
FN:36,(anonymous_2)
FN:47,(anonymous_3)
FN:84,(anonymous_4)
FN:127,(anonymous_5)
FNF:6
FNH:6
FNDA:2,(anonymous_0)
FNDA:1,(anonymous_1)
FNDA:1,(anonymous_2)
FNDA:2,(anonymous_3)
FNDA:2,(anonymous_4)
FNDA:2,(anonymous_5)
DA:3,4
DA:4,2
DA:5,2
DA:6,2
DA:8,2
DA:9,2
DA:10,2
DA:12,2
DA:13,1
DA:16,1
DA:18,0
DA:19,0
DA:23,4
DA:25,1
DA:27,1
DA:28,1
DA:29,1
DA:31,0
DA:32,0
DA:36,4
DA:37,1
DA:38,1
DA:39,1
DA:40,1
DA:42,0
DA:43,0
DA:47,4
DA:55,2
DA:58,2
DA:59,1
DA:62,1
DA:68,1
DA:69,1
DA:77,1
DA:79,0
DA:80,0
DA:84,4
DA:85,2
DA:93,2
DA:95,2
DA:96,0
DA:99,2
DA:105,2
DA:106,2
DA:116,2
DA:117,1
DA:120,1
DA:122,0
DA:123,0
DA:127,4
DA:128,2
DA:130,2
DA:132,2
DA:133,2
DA:135,2
DA:136,1
DA:139,1
DA:141,0
DA:142,0
LF:59
LH:46
BRDA:12,0,0,1
BRDA:12,0,1,1
BRDA:58,1,0,1
BRDA:58,1,1,1
BRDA:58,2,0,2
BRDA:58,2,1,1
BRDA:58,2,2,1
BRDA:58,2,3,1
BRDA:58,2,4,1
BRDA:95,3,0,0
BRDA:95,3,1,2
BRDA:95,4,0,2
BRDA:95,4,1,2
BRDA:95,4,2,2
BRDA:95,4,3,2
BRDA:95,4,4,2
BRDA:116,5,0,1
BRDA:116,5,1,1
BRDA:135,6,0,1
BRDA:135,6,1,1
BRF:20
BRH:19
end_of_record
TN:
SF:src\controllers\userController.js
FN:5,(anonymous_0)
FN:28,(anonymous_1)
FN:38,(anonymous_2)
FN:62,(anonymous_3)
FNF:4
FNH:3
FNDA:4,(anonymous_0)
FNDA:1,(anonymous_1)
FNDA:0,(anonymous_2)
FNDA:2,(anonymous_3)
DA:3,4
DA:5,4
DA:6,4
DA:7,4
DA:8,4
DA:9,4
DA:10,1
DA:13,3
DA:14,3
DA:19,3
DA:24,0
DA:25,0
DA:28,4
DA:29,1
DA:30,1
DA:31,1
DA:33,0
DA:34,0
DA:38,4
DA:39,0
DA:40,0
DA:42,0
DA:43,0
DA:46,0
DA:47,0
DA:52,0
DA:57,0
DA:58,0
DA:62,4
DA:63,2
DA:64,2
DA:65,2
DA:66,1
DA:68,1
DA:72,1
DA:73,0
DA:75,1
DA:80,0
DA:81,0
LF:39
LH:23
BRDA:9,0,0,1
BRDA:9,0,1,3
BRDA:9,1,0,4
BRDA:9,1,1,4
BRDA:9,1,2,3
BRDA:9,1,3,3
BRDA:42,2,0,0
BRDA:42,2,1,0
BRDA:42,3,0,0
BRDA:42,3,1,0
BRDA:42,3,2,0
BRDA:42,3,3,0
BRDA:65,4,0,1
BRDA:65,4,1,1
BRDA:72,5,0,0
BRDA:72,5,1,1
BRF:16
BRH:9
end_of_record
TN:
SF:src\controllers\ventasController.js
FN:3,(anonymous_0)
FN:64,(anonymous_1)
FN:79,(anonymous_2)
FN:94,(anonymous_3)
FN:107,(anonymous_4)
FNF:5
FNH:5
FNDA:1,(anonymous_0)
FNDA:1,(anonymous_1)
FNDA:1,(anonymous_2)
FNDA:1,(anonymous_3)
FNDA:1,(anonymous_4)
DA:3,4
DA:4,1
DA:14,1
DA:17,1
DA:28,1
DA:35,1
DA:45,1
DA:46,1
DA:47,1
DA:48,1
DA:52,1
DA:58,0
DA:59,0
DA:64,4
DA:65,1
DA:66,1
DA:68,1
DA:69,1
DA:70,1
DA:71,1
DA:73,0
DA:74,0
DA:79,4
DA:80,1
DA:81,1
DA:83,1
DA:84,1
DA:85,1
DA:86,1
DA:88,0
DA:89,0
DA:94,4
DA:95,1
DA:96,1
DA:98,1
DA:99,1
DA:100,1
DA:101,1
DA:103,0
DA:104,0
DA:107,4
DA:108,1
DA:109,1
DA:121,1
DA:122,1
DA:123,1
DA:124,1
DA:125,1
DA:127,0
DA:128,0
DA:130,1
DA:131,1
DA:132,1
LF:53
LH:43
BRDA:18,0,0,1
BRDA:18,0,1,0
BRDA:19,1,0,1
BRDA:19,1,1,0
BRDA:20,2,0,1
BRDA:20,2,1,0
BRDA:21,3,0,1
BRDA:21,3,1,0
BRDA:22,4,0,1
BRDA:22,4,1,0
BRDA:23,5,0,1
BRDA:23,5,1,1
BRDA:24,6,0,1
BRDA:24,6,1,1
BRDA:130,7,0,1
BRDA:130,7,1,0
BRF:16
BRH:10
end_of_record
TN:
SF:src\routes\PrediccionRoutes.js
FNF:0
FNH:0
DA:4,4
DA:6,4
DA:7,4
LF:3
LH:3
BRF:0
BRH:0
end_of_record
TN:
SF:src\routes\UserRoutes.js
FNF:0
FNH:0
DA:5,4
DA:7,4
DA:8,4
DA:9,4
DA:10,4
LF:5
LH:5
BRF:0
BRH:0
end_of_record
TN:
SF:src\routes\VentasRouter.js
FNF:0
FNH:0
DA:9,4
DA:11,4
DA:12,4
DA:13,4
DA:14,4
DA:15,4
LF:6
LH:6
BRF:0
BRH:0
end_of_record
TN:
SF:src\routes\productRoutes.js
FNF:0
FNH:0
DA:11,4
DA:14,4
DA:15,4
DA:16,4
DA:17,4
DA:18,4
DA:21,4
LF:7
LH:7
BRF:0
BRH:0
end_of_record
